<?xml version="1.0" encoding="UTF-8"?>
<!-- Generated by org.testng.reporters.JUnitReportReporter -->
<testsuite hostname="s8-PC" name="Archive.Asc_Test" tests="1" failures="0" timestamp="3 Apr 2018 05:20:33 GMT" time="0.032" errors="0">
  <testcase name="test" time="0.032" classname="Archive.Asc_Test"/>
</testsuite> <!-- Archive.Asc_Test -->
