<?xml version="1.0" encoding="UTF-8"?>
<!-- Generated by org.testng.reporters.JUnitReportReporter -->
<testsuite hostname="s8-PC" name="Apr03task.TC_02_Submit" tests="1" failures="0" timestamp="4 Apr 2018 07:41:12 GMT" time="2.513" errors="0">
  <testcase name="verifyloginfields1" time="2.513" classname="Apr03task.TC_02_Submit"/>
</testsuite> <!-- Apr03task.TC_02_Submit -->
