<?xml version="1.0" encoding="UTF-8"?>
<!-- Generated by org.testng.reporters.JUnitReportReporter -->
<testsuite hostname="s8-PC" name="Archive.Child" tests="2" failures="0" timestamp="24 Mar 2018 05:32:24 GMT" time="0.026" errors="0">
  <testcase name="tc01" time="0.022" classname="Archive.Child"/>
  <testcase name="tc02" time="0.004" classname="Archive.Child"/>
</testsuite> <!-- Archive.Child -->
