<?xml version="1.0" encoding="UTF-8"?>
<!-- Generated by org.testng.reporters.JUnitReportReporter -->
<testsuite hostname="s8-PC" name="Apr03task.TC_01_VerifyLoginFields" tests="1" failures="0" timestamp="11 Apr 2018 04:10:16 GMT" time="3.175" errors="0">
  <testcase name="verifyloginfields" time="3.175" classname="Apr03task.TC_01_VerifyLoginFields"/>
</testsuite> <!-- Apr03task.TC_01_VerifyLoginFields -->
