<?xml version="1.0" encoding="UTF-8"?>
<!-- Generated by org.testng.reporters.JUnitReportReporter -->
<testsuite hostname="s8-PC" name="OrangeHRM.User_Cred" tests="1" failures="0" timestamp="24 Mar 2018 06:19:14 GMT" time="16.470" errors="0">
  <testcase name="tc01" time="16.470" classname="OrangeHRM.User_Cred"/>
</testsuite> <!-- OrangeHRM.User_Cred -->
